{
"/source/app/todolist/completed-filter.pipe.ts":{"path":"/source/app/todolist/completed-filter.pipe.ts","statementMap":{"1":{"start":{"line":1,"column":0},"end":{"line":1,"column":52}},"2":{"start":{"line":2,"column":0},"end":{"line":2,"column":32}},"3":{"start":{"line":9,"column":0},"end":{"line":17,"column":1}},"4":{"start":{"line":10,"column":4},"end":{"line":16,"column":5}},"5":{"start":{"line":11,"column":8},"end":{"line":13,"column":9}},"6":{"start":{"line":12,"column":12},"end":{"line":12,"column":25}},"7":{"start":{"line":15,"column":8},"end":{"line":15,"column":37}},"8":{"start":{"line":6,"column":0},"end":{"line":8,"column":2}},"9":{"start":{"line":17,"column":0},"end":{"line":17,"column":1}},"10":{"start":{"line":9,"column":13},"end":{"line":17,"column":1}}},"fnMap":{"1":{"name":"(anonymous_3)","line":9,"loc":{"start":{"line":9,"column":0},"end":{"line":null,"column":-1}}},"2":{"name":"(anonymous_5)","line":10,"loc":{"start":{"line":10,"column":4},"end":{"line":10,"column":33}}}},"branchMap":{"1":{"line":11,"type":"if","locations":[{"start":{"line":11,"column":8},"end":{"line":11,"column":7}},{"start":{"line":11,"column":8},"end":{"line":11,"column":7}}]}},"s":{"1":1,"2":1,"3":2,"4":1,"5":7,"6":6,"7":1,"8":1,"9":1,"10":1},"b":{"1":[6,1]},"f":{"1":6,"2":7},"code":"import { Pipe, PipeTransform } from '@angular/core';\nimport { filter } from 'lodash';\n\nimport { Todo } from './todo.model';\n\n@Pipe({\n    name: 'asCompletedFilter'\n})\nexport class CompletedFilterPipe implements PipeTransform {\n    transform(todos: Todo[], done): Todo[] {\n        if (done) {\n            return todos;\n        }\n\n        return filter(todos, {done});\n    }\n}\n","l":{"1":1,"2":1,"6":1,"9":2,"10":1,"11":7,"12":6,"15":1,"17":1}},
"/source/app/todolist/todo.model.ts":{"path":"/source/app/todolist/todo.model.ts","statementMap":{"1":{"start":{"line":1,"column":0},"end":{"line":18,"column":1}},"2":{"start":{"line":9,"column":4},"end":{"line":12,"column":5}},"3":{"start":{"line":9,"column":30},"end":{"line":9,"column":42}},"4":{"start":{"line":10,"column":8},"end":{"line":10,"column":25}},"5":{"start":{"line":11,"column":8},"end":{"line":11,"column":25}},"6":{"start":{"line":5,"column":11},"end":{"line":7,"column":5}},"7":{"start":{"line":6,"column":8},"end":{"line":6,"column":46}},"8":{"start":{"line":14,"column":4},"end":{"line":17,"column":5}},"9":{"start":{"line":15,"column":8},"end":{"line":15,"column":23}},"10":{"start":{"line":16,"column":8},"end":{"line":16,"column":26}},"11":{"start":{"line":18,"column":0},"end":{"line":18,"column":1}},"12":{"start":{"line":1,"column":13},"end":{"line":18,"column":1}}},"fnMap":{"1":{"name":"(anonymous_1)","line":1,"loc":{"start":{"line":1,"column":0},"end":{"line":null,"column":-1}}},"2":{"name":"Todo","line":9,"loc":{"start":{"line":9,"column":4},"end":{"line":9,"column":42}}},"3":{"name":"(anonymous_3)","line":5,"loc":{"start":{"line":5,"column":4},"end":{"line":5,"column":27}}},"4":{"name":"(anonymous_4)","line":14,"loc":{"start":{"line":14,"column":4},"end":{"line":null,"column":-1}}}},"branchMap":{"1":{"line":9,"type":"if","locations":[{"start":{"line":9,"column":30},"end":{"line":9,"column":29}},{"start":{"line":9,"column":30},"end":{"line":9,"column":29}}]}},"s":{"1":1,"2":1,"3":16,"4":13,"5":13,"6":1,"7":1,"8":1,"9":1,"10":1,"11":1,"12":1},"b":{"1":[3,10]},"f":{"1":1,"2":13,"3":1,"4":1},"code":"export class Todo {\n    public name: string;\n    public done: boolean;\n\n    static clone(todo: Todo): Todo {\n        return new Todo(todo.name, todo.done);\n    }\n\n    constructor(name: string, done = false) {\n        this.name = name;\n        this.done = done;\n    }\n\n    clear() {\n        this.name = '';\n        this.done = false;\n    }\n}\n","l":{"1":1,"5":1,"6":1,"9":16,"10":13,"11":13,"14":1,"15":1,"16":1,"18":1}},
"/source/app/todolist/index.ts":{"path":"/source/app/todolist/index.ts","statementMap":{"1":{"start":{"line":1,"column":0},"end":{"line":1,"column":29}},"2":{"start":{"line":2,"column":0},"end":{"line":2,"column":37}},"3":{"start":{"line":3,"column":0},"end":{"line":3,"column":34}},"4":{"start":{"line":4,"column":0},"end":{"line":4,"column":40}},"5":{"start":{"line":5,"column":0},"end":{"line":5,"column":34}}},"fnMap":{},"branchMap":{},"s":{"1":1,"2":1,"3":1,"4":1,"5":1},"b":{},"f":{},"code":"export * from './todo.model';\nexport * from './todolist.component';\nexport * from './todolist.routes';\nexport * from './completed-filter.pipe';\nexport * from './todolist.module';\n","l":{"1":1,"2":1,"3":1,"4":1,"5":1}},
"/source/app/todolist/todolist.component.ts":{"path":"/source/app/todolist/todolist.component.ts","statementMap":{"1":{"start":{"line":1,"column":0},"end":{"line":1,"column":42}},"2":{"start":{"line":3,"column":0},"end":{"line":3,"column":36}},"3":{"start":{"line":9,"column":0},"end":{"line":32,"column":1}},"4":{"start":{"line":14,"column":4},"end":{"line":21,"column":5}},"5":{"start":{"line":15,"column":8},"end":{"line":15,"column":34}},"6":{"start":{"line":16,"column":8},"end":{"line":16,"column":55}},"7":{"start":{"line":17,"column":8},"end":{"line":20,"column":10}},"8":{"start":{"line":23,"column":4},"end":{"line":26,"column":5}},"9":{"start":{"line":24,"column":8},"end":{"line":24,"column":60}},"10":{"start":{"line":25,"column":8},"end":{"line":25,"column":26}},"11":{"start":{"line":28,"column":4},"end":{"line":31,"column":5}},"12":{"start":{"line":29,"column":8},"end":{"line":30,"column":50}},"13":{"start":{"line":30,"column":29},"end":{"line":30,"column":48}},"14":{"start":{"line":5,"column":0},"end":{"line":8,"column":2}},"15":{"start":{"line":32,"column":0},"end":{"line":32,"column":1}},"16":{"start":{"line":9,"column":13},"end":{"line":32,"column":1}}},"fnMap":{"1":{"name":"(anonymous_3)","line":9,"loc":{"start":{"line":9,"column":0},"end":{"line":null,"column":-1}}},"2":{"name":"TodolistComponent","line":14,"loc":{"start":{"line":14,"column":4},"end":{"line":null,"column":-1}}},"3":{"name":"(anonymous_5)","line":23,"loc":{"start":{"line":23,"column":4},"end":{"line":null,"column":-1}}},"4":{"name":"(anonymous_6)","line":28,"loc":{"start":{"line":28,"column":4},"end":{"line":28,"column":29}}},"5":{"name":"(anonymous_7)","line":30,"loc":{"start":{"line":30,"column":12},"end":{"line":30,"column":24}}}},"branchMap":{},"s":{"1":1,"2":1,"3":1,"4":1,"5":3,"6":3,"7":3,"8":1,"9":1,"10":1,"11":1,"12":1,"13":2,"14":1,"15":1,"16":1},"b":{},"f":{"1":1,"2":3,"3":1,"4":1,"5":2},"code":"import { Component } from '@angular/core';\n\nimport { Todo } from './todo.model';\n\n@Component({\n    selector: 'as-todolist',\n    templateUrl: 'app/todolist/todolist.html'\n})\nexport class TodolistComponent {\n    public todo: Todo;\n    private list: Todo[];\n    private showCompleted: Boolean;\n\n    constructor() {\n        this.showCompleted = true;\n        this.todo = new Todo('Add me to list!', false);\n        this.list = [\n            new Todo('Its cool'),\n            new Todo('Hello', true)\n        ];\n    }\n\n    addTodo() {\n        this.list = this.list.concat(Todo.clone(this.todo));\n        this.todo.clear();\n    }\n\n    delTodo(todoIndex: number) {\n        this.list = this.list.filter(\n            (todo, index) => index !== todoIndex);\n    }\n}\n","l":{"1":1,"3":1,"5":1,"9":1,"14":1,"15":3,"16":3,"17":3,"23":1,"24":1,"25":1,"28":1,"29":1,"30":2,"32":1}},
"/source/app/todolist/todolist.routes.ts":{"path":"/source/app/todolist/todolist.routes.ts","statementMap":{"1":{"start":{"line":3,"column":0},"end":{"line":3,"column":57}},"2":{"start":{"line":5,"column":13},"end":{"line":7,"column":2}}},"fnMap":{},"branchMap":{},"s":{"1":1,"2":1},"b":{},"f":{},"code":"import { Routes } from '@angular/router';\n\nimport { TodolistComponent } from './todolist.component';\n\nexport const TodolistRoutes: Routes = [\n  { path: 'todolist', component: TodolistComponent }\n];\n","l":{"3":1,"5":1}},
"/source/app/todolist/todolist.module.ts":{"path":"/source/app/todolist/todolist.module.ts","statementMap":{"1":{"start":{"line":1,"column":0},"end":{"line":1,"column":41}},"2":{"start":{"line":2,"column":0},"end":{"line":2,"column":58}},"3":{"start":{"line":3,"column":0},"end":{"line":3,"column":45}},"4":{"start":{"line":4,"column":0},"end":{"line":4,"column":65}},"5":{"start":{"line":20,"column":0},"end":{"line":21,"column":1}},"6":{"start":{"line":6,"column":0},"end":{"line":19,"column":2}},"7":{"start":{"line":21,"column":0},"end":{"line":21,"column":1}},"8":{"start":{"line":20,"column":13},"end":{"line":21,"column":1}}},"fnMap":{"1":{"name":"(anonymous_3)","line":20,"loc":{"start":{"line":20,"column":0},"end":{"line":null,"column":-1}}}},"branchMap":{},"s":{"1":1,"2":1,"3":1,"4":1,"5":2,"6":1,"7":1,"8":1},"b":{},"f":{"1":4},"code":"import { NgModule } from '@angular/core';\nimport { BrowserModule } from '@angular/platform-browser';\nimport { FormsModule } from '@angular/forms';\nimport { CompletedFilterPipe, TodolistComponent } from './index';\n\n@NgModule({\n    declarations: [\n        CompletedFilterPipe,\n        TodolistComponent\n    ],\n    imports: [\n        FormsModule,\n        BrowserModule\n    ],\n    exports: [\n        CompletedFilterPipe,\n        TodolistComponent\n    ]\n})\nexport class TodolistModule {\n}\n","l":{"1":1,"2":1,"3":1,"4":1,"6":1,"20":2,"21":1}},
"/source/app/app.component.ts":{"path":"/source/app/app.component.ts","statementMap":{"1":{"start":{"line":1,"column":0},"end":{"line":1,"column":42}},"2":{"start":{"line":3,"column":0},"end":{"line":3,"column":37}},"3":{"start":{"line":9,"column":0},"end":{"line":15,"column":1}},"4":{"start":{"line":12,"column":4},"end":{"line":14,"column":5}},"5":{"start":{"line":13,"column":8},"end":{"line":13,"column":49}},"6":{"start":{"line":5,"column":0},"end":{"line":8,"column":2}},"7":{"start":{"line":15,"column":0},"end":{"line":15,"column":1}},"8":{"start":{"line":9,"column":13},"end":{"line":15,"column":1}}},"fnMap":{"1":{"name":"(anonymous_3)","line":9,"loc":{"start":{"line":9,"column":0},"end":{"line":null,"column":-1}}},"2":{"name":"AppComponent","line":12,"loc":{"start":{"line":12,"column":4},"end":{"line":null,"column":-1}}}},"branchMap":{},"s":{"1":1,"2":1,"3":1,"4":1,"5":1,"6":1,"7":1,"8":1},"b":{},"f":{"1":1,"2":1},"code":"import { Component } from '@angular/core';\n\nimport { CONSTANTS } from './shared';\n\n@Component({\n    selector: 'as-main-app',\n    templateUrl: 'app/app.html'\n})\nexport class AppComponent {\n    public appBrand: string;\n\n    constructor() {\n        this.appBrand = CONSTANTS.MAIN.APP.BRAND;\n    }\n}\n","l":{"1":1,"3":1,"5":1,"9":1,"12":1,"13":1,"15":1}},
"/source/app/shared/index.ts":{"path":"/source/app/shared/index.ts","statementMap":{"1":{"start":{"line":1,"column":0},"end":{"line":1,"column":33}},"2":{"start":{"line":2,"column":0},"end":{"line":2,"column":31}}},"fnMap":{},"branchMap":{},"s":{"1":1,"2":1},"b":{},"f":{},"code":"export * from './constant/index';\nexport * from './navbar/index';\n","l":{"1":1,"2":1}},
"/source/app/shared/constant/index.ts":{"path":"/source/app/shared/constant/index.ts","statementMap":{"1":{"start":{"line":1,"column":0},"end":{"line":1,"column":30}},"2":{"start":{"line":2,"column":0},"end":{"line":2,"column":28}},"3":{"start":{"line":4,"column":13},"end":{"line":7,"column":2}}},"fnMap":{},"branchMap":{},"s":{"1":1,"2":1,"3":1},"b":{},"f":{},"code":"import { MAIN } from './main';\nimport { ENV } from './env';\n\nexport const CONSTANTS = {\n    MAIN,\n    ENV\n};\n","l":{"1":1,"2":1,"4":1}},
"/source/app/shared/constant/main.ts":{"path":"/source/app/shared/constant/main.ts","statementMap":{"1":{"start":{"line":1,"column":13},"end":{"line":5,"column":2}}},"fnMap":{},"branchMap":{},"s":{"1":1},"b":{},"f":{},"code":"export const MAIN = {\n    APP: {\n        BRAND: 'Angular 2 Starter'\n    }\n};\n","l":{"1":1}},
"/source/app/shared/constant/env.ts":{"path":"/source/app/shared/constant/env.ts","statementMap":{"1":{"start":{"line":14,"column":13},"end":{"line":15,"column":2}}},"fnMap":{},"branchMap":{},"s":{"1":1},"b":{},"f":{},"code":"/**\n * THIS FILE IS GENERATED by `gulp env` command from `env.json`\n * Generated on Tue Sep 13 2016 13:59:32 GMT+0700 (ICT)\n *\n * Make sure the keys in `env.model.ts` exist in `env.json`\n * otherwise it'll throw message like this\n * Property '<missing-key>' is missing in type '{}'\n *\n * Feel free to modify for direct updates in development\n */\n\nimport { AppEnv } from './env.model';\n\nexport const ENV: AppEnv = {\n};\n","l":{"14":1}},
"/source/app/shared/navbar/index.ts":{"path":"/source/app/shared/navbar/index.ts","statementMap":{"1":{"start":{"line":1,"column":0},"end":{"line":1,"column":35}},"2":{"start":{"line":2,"column":0},"end":{"line":2,"column":32}}},"fnMap":{},"branchMap":{},"s":{"1":1,"2":1},"b":{},"f":{},"code":"export * from './navbar.component';\nexport * from './navbar.module';\n","l":{"1":1,"2":1}},
"/source/app/shared/navbar/navbar.component.ts":{"path":"/source/app/shared/navbar/navbar.component.ts","statementMap":{"1":{"start":{"line":1,"column":0},"end":{"line":1,"column":74}},"2":{"start":{"line":8,"column":0},"end":{"line":10,"column":1}},"3":{"start":{"line":9,"column":4},"end":{"line":9,"column":12}},"4":{"start":{"line":3,"column":0},"end":{"line":7,"column":2}},"5":{"start":{"line":10,"column":0},"end":{"line":10,"column":1}},"6":{"start":{"line":8,"column":13},"end":{"line":10,"column":1}}},"fnMap":{"1":{"name":"(anonymous_3)","line":8,"loc":{"start":{"line":8,"column":0},"end":{"line":null,"column":-1}}}},"branchMap":{},"s":{"1":1,"2":2,"3":1,"4":1,"5":1,"6":1},"b":{},"f":{"1":2},"code":"import { Component, Input, ChangeDetectionStrategy } from '@angular/core';\n\n@Component({\n    selector: 'as-navbar',\n    templateUrl: 'app/shared/navbar/navbar.html',\n    changeDetection: ChangeDetectionStrategy.OnPush\n})\nexport class NavbarComponent {\n    @Input() brand: string;\n}\n","l":{"1":1,"3":1,"8":2,"9":1,"10":1}},
"/source/app/shared/navbar/navbar.module.ts":{"path":"/source/app/shared/navbar/navbar.module.ts","statementMap":{"1":{"start":{"line":1,"column":0},"end":{"line":1,"column":41}},"2":{"start":{"line":2,"column":0},"end":{"line":2,"column":47}},"3":{"start":{"line":4,"column":0},"end":{"line":4,"column":42}},"4":{"start":{"line":17,"column":0},"end":{"line":18,"column":1}},"5":{"start":{"line":6,"column":0},"end":{"line":16,"column":2}},"6":{"start":{"line":18,"column":0},"end":{"line":18,"column":1}},"7":{"start":{"line":17,"column":13},"end":{"line":18,"column":1}}},"fnMap":{"1":{"name":"(anonymous_3)","line":17,"loc":{"start":{"line":17,"column":0},"end":{"line":null,"column":-1}}}},"branchMap":{},"s":{"1":1,"2":1,"3":1,"4":2,"5":1,"6":1,"7":1},"b":{},"f":{"1":1},"code":"import { NgModule } from '@angular/core';\nimport { RouterModule } from '@angular/router';\n\nimport { NavbarComponent } from './index';\n\n@NgModule({\n    declarations: [\n        NavbarComponent\n    ],\n    imports: [\n        RouterModule\n    ],\n    exports: [\n        NavbarComponent\n    ]\n})\nexport class NavbarModule {\n}\n","l":{"1":1,"2":1,"4":1,"6":1,"17":2,"18":1}}}
